### ISSUE TITLE
perl-5.32.1 cross compile x86_64 -> aarch64 crash

### ISSUE THREAD

**Issue by Thermi** [Perl/perl5#18654]
**Description**

When cross compiling from x86_64 to aarch64, miniperl aborts with SIGSEV because of stack canary violation

**Steps to Reproduce**

(get alpine Linux docker container, clone aports, checkout v3.12.4, git checkout gcc package sources from master, start cross compiling using `scripts/bootstrap.sh aarch64`)
watch when it gets to perl:
- miniperl test runs with `LD_LIBRARY_PATH=/aports/main/perl/src/perl-5.32.1 /aports/main/perl/src/perl-5.32.1/preload /aports/main/perl/src/perl-5.32.1/libperl.so ./miniperl -w -Ilib -Idist/Exporter/lib -MExporter -e '<?>' || sh -c 'echo >&2 Failed to build miniperl.  Please run make minitest; exit 1'` and crashes (Segmentation fault (core dumped))
Failed to build miniperl. Please run make minitest

Crash is 100% reproducible

core file and relevant musl so file are in the tar.gz archive
[miniperl-crash-x86_64-aarch64.tar.gz](https://github.com/Perl/perl5/files/6178491/miniperl-crash-x86_64-aarch64.tar.gz)

**Expected behavior**

miniperl test passes

```
[ Legend: Modified register | Code | Heap | Stack | String ]
──────────────────────────────────────────────────────────────────────────────────────────────────────────────────────────── registers ────
$rax   : 0x00007ffff7f3a1c0  →  0x00007ffff7f28380  →  0x00007ffff7f278f0  →  0x0000000000000000
$rbx   : 0xb               
$rcx   : 0xa9              
$rdx   : 0xa6aaae76af4cd130
$rsp   : 0x00007fffffffdfa8  →  0x000055555565ea33  →  <S_check_type_and_open+246> mov r12, QWORD PTR [rbp-0x8]
$rbp   : 0x00007fffffffe070  →  0x00007fffffffe0b0  →  0x00007fffffffe210  →  0x00007fffffffe240  →  0x00007fffffffe470  →  0x00007fffffffe630  →  0x00007fffffffe690  →  0x00007fffffffe770
$rsi   : 0x000055555586e5b8  →  0x000055555586f248  →  0x000055555586e5b8  →  [loop detected]
$rdi   : 0x00007ffff7ffdfbc  →  0x0000000000000000
$rip   : 0x00007ffff7f83aeb  →  <__stack_chk_fail+0> hlt 
$r8    : 0x0               
$r9    : 0x200             
$r10   : 0x9               
$r11   : 0xa0              
$r12   : 0x00007ffff7f60020  →  0x00007ffff7f27570  →  0x00007ffff7f60170  →  0x0000000000000000
$r13   : 0x00007ffff7f338f0  →  0x00007ffff7f59130  →  0x0000000000000011
$r14   : 0x00007ffff7f339f8  →  0x00007ffff7f592b0  →  0x0000000000000008
$r15   : 0x00007ffff7f27e50  →  "Exporter.pm"
$eflags: [zero CARRY PARITY adjust SIGN trap INTERRUPT direction overflow RESUME virtualx86 identification]
$cs: 0x0033 $ss: 0x002b $ds: 0x0000 $es: 0x0000 $fs: 0x0000 $gs: 0x0000 
──────────────────────────────────────────────────────────────────────────────────────────────────────────────────────────────── stack ────
0x00007fffffffdfa8│+0x0000: 0x000055555565ea33  →  <S_check_type_and_open+246> mov r12, QWORD PTR [rbp-0x8]      ← $rsp
0x00007fffffffdfb0│+0x0008: 0x0000000000000030 ("0"?)
0x00007fffffffdfb8│+0x0010: 0x00007ffff7f60020  →  0x00007ffff7f27570  →  0x00007ffff7f60170  →  0x0000000000000000
0x00007fffffffdfc0│+0x0018: 0x00007fffffffe000  →  0x0000000000000000
0x00007fffffffdfc8│+0x0020: 0x00007ffff7f338f0  →  0x00007ffff7f59130  →  0x0000000000000011
0x00007fffffffdfd0│+0x0028: 0x000000000000001d
0x00007fffffffdfd8│+0x0030: 0x000000000000fe00
0x00007fffffffdfe0│+0x0038: 0x0000000022870b36
────────────────────────────────────────────────────────────────────────────────────────────────────────────────────────── code:x86:64 ────
   0x7ffff7f83ae4                  add    BYTE PTR [rax-0x77], cl
   0x7ffff7f83ae7                  push   rax
   0x7ffff7f83ae8                  sub    BYTE PTR [rbx-0x3d], bl
 → 0x7ffff7f83aeb <__stack_chk_fail+0> hlt    
   0x7ffff7f83aec <__stack_chk_fail+1> ret    
   0x7ffff7f83aed <clearenv+0>     mov    rax, QWORD PTR [rip+0x774c4]        # 0x7ffff7ffafb8
   0x7ffff7f83af4 <clearenv+7>     push   rbx
   0x7ffff7f83af5 <clearenv+8>     mov    rbx, QWORD PTR [rax]
   0x7ffff7f83af8 <clearenv+11>    mov    QWORD PTR [rax], 0x0
────────────────────────────────────────────────────────────────────────────────────────────────────────────────────────────── threads ────
[#0] Id 1, Name: "miniperl", stopped 0x7ffff7f83aeb in __stack_chk_fail (), reason: SIGSEGV
──────────────────────────────────────────────────────────────────────────────────────────────────────────────────────────────── trace ────
[#0] 0x7ffff7f83aeb → __stack_chk_fail()
[#1] 0x55555565ea33 → S_check_type_and_open(my_perl=0x7ffff7f60020, name=<optimized out>)
[#2] 0x55555565f523 → S_doopen_pm(my_perl=0x7ffff7f60020, name=0x7ffff7f338f0)
[#3] 0x555555661c5d → S_require_file(sv=<optimized out>, my_perl=0x7ffff7f60020)
[#4] 0x555555661c5d → Perl_pp_require(my_perl=0x7ffff7f60020)
[#5] 0x555555626859 → Perl_runops_standard(my_perl=0x7ffff7f60020)
[#6] 0x5555555a31da → Perl_call_sv(my_perl=0x7ffff7f60020, sv=0x7ffff7f33920, flags=0xd)
[#7] 0x5555555a596b → Perl_call_list(my_perl=0x7ffff7f60020, oldscope=0x2, paramList=0x7ffff7f5a998)
[#8] 0x5555555869d6 → S_process_special_blocks(my_perl=0x7ffff7f60020, floor=0x2f, fullname=0x7ffff7f27a00 "BEGIN", gv=0x7ffff7f339e0, cv=0x7ffff7f33920)
[#9] 0x55555559d61d → Perl_newATTRSUB_x(my_perl=0x7ffff7f60020, floor=0x2f, o=<optimized out>, proto=<optimized out>, attrs=<optimized out>, block=0x7ffff7f58db8, o_is_gv=<optimized out>)
───────────────────────────────────────────────────────────────────────────────────────────────────────────────────────────────────────────
gef➤  
```

**Comment by jkeenan** [comment]
> **Description**
> 
> When cross compiling from x86_64 to aarch64, miniperl aborts with SIGSEV because of stack canary violation

Do you know whether this problem exists with any earlier production version of Perl -- say perl-5.28 or perl-5.30?

Thank you very much.
Jim Keenan

**Comment by Thermi** [comment]
Also exists in 5.30

EDIT: and 5.28

**Comment by Leont** [comment]
> Steps to Reproduce

> (get alpine Linux docker container, clone aports, checkout v3.12.4, git checkout gcc package sources from master, start cross compiling using scripts/bootstrap.sh aarch64)

I assume that refers to [this script](https://git.alpinelinux.org/aports/tree/scripts/bootstrap.sh)

It's not quite clear to me how it builds perl, it would be helpful to know a bit more about that. Having the build output would be helpful.

**Comment by Leont** [comment]
The stacktrace says the crash happens in a «BEGIN { require ... }», which is probably really a «use …». It might be entirely borked, and crash on the first non-trivial thing it does.

**Comment by Thermi** [comment]
Hi, the bootstrap script just sets up the environment and cross compiled libraries and headers so the compiler does the right thing. For any packet that works out fine, but for perl, miniperl crashes.

The package sources for perl are under main/perl
The APKBUILD file in that directory is of interest to you in this regard.

Am March 22, 2021 1:21:37 AM UTC schrieb Leon Timmermans ***@***.***>:
>The stacktrace says the crash happens in a «BEGIN { require ... }»,
>which is probably really a «use …». It might be entirely borked, and
>crash on the first non-trivial thing it does.>
>>
>-- >
>You are receiving this because you authored the thread.>
>Reply to this email directly or view it on GitHub:>
>https://github.com/Perl/perl5/issues/18654#issuecomment-803702528

-- 
Sent from mobile

**Comment by Thermi** [comment]
Alright, so.

busybox needs perl at build time. So add perl in front of busybox in the list at the bottom of bootstrap.sh.

Then run the whole thing. as such: `scripts/bootstrap.sh aarch64`.

The script will then build the necessary libraries for cross compiling, a stripped gcc to build the full gcc for cross compiling, and then a full gcc for cross compiling of any supported language (ADA, FORTRAN, ...). After that is done, it builds build-base, and then works on the list of packages below (fortify-headers, linux-headers, ...).

Attached is the output when building for perl-5.32.1. 
[perl-build.log](https://github.com/Perl/perl5/files/6183016/perl-build.log)

EDIT: I forgot to mention I added some CFLAGs for debugging to args to ./Configure:
```
        ./Configure -des \
                -Dcccdlflags='-fPIC -g3 -fvar-tracking-assignments' \
                -Dccdlflags='-rdynamic' \
                -Dprefix=/usr \
                -Dprivlib=$_privlib \
                -Darchlib=$_archlib \
                -Dvendorprefix=/usr \
                -Dvendorlib=/usr/share/perl5/vendor_perl \
                -Dvendorarch=/usr/lib/perl5/vendor_perl \
                -Dsiteprefix=/usr/local \
                -Dsitelib=/usr/local/share/perl5/site_perl \
                -Dsitearch=/usr/local/lib/perl5/site_perl \
                -Dlocincpth=' ' \
                -Doptimize="$CFLAGS -fno-omit-frame-pointer -g3 -fvar-tracking-assignments -fstack-protector-all --param=ssp-buffer-size=4" \
                -Duselargefiles \
                -Dusethreads \
                -Duseshrplib \
                -Dd_semctl_semun \
                -Dman1dir=/usr/share/man/man1 \
                -Dman3dir=/usr/share/man/man3 \
                -Dinstallman1dir=/usr/share/man/man1 \
                -Dinstallman3dir=/usr/share/man/man3 \
                -Dman1ext='1' \
                -Dman3ext='3pm' \
                -Dcf_by='Alpine' \
                -Ud_csh \
                -Dusenm
```

Changes are only `-Dcccdlflags='-fPIC -g3 -fvar-tracking-assignments' \` and `-Doptimize="$CFLAGS -fno-omit-frame-pointer -g3 -fvar-tracking-assignments -fstack-protector-all --param=ssp-buffer-size=4" \`
